onebattery/build/intermediates/manifest_merge_blame_file/debug/processDebugMainManifest/manifest-merger-blame-debug-report.txt
1<?xml version="1.0" encoding="utf-8"?>
2<manifest xmlns:android="http://schemas.android.com/apk/res/android"
3    package="com.onebattery.app"
4    android:versionCode="1"
5    android:versionName="0.1.0" >
6
7    <uses-sdk
8        android:minSdkVersion="31"
9        android:targetSdkVersion="36" />
10
11    <uses-permission android:name="android.permission.POST_NOTIFICATIONS" />
11-->src\main\AndroidManifest.xml:5:5-77
11-->src\main\AndroidManifest.xml:5:22-74
12    <uses-permission android:name="android.permission.FOREGROUND_SERVICE" />
12-->src\main\AndroidManifest.xml:6:5-77
12-->src\main\AndroidManifest.xml:6:22-74
13    <uses-permission android:name="android.permission.FOREGROUND_SERVICE_SPECIAL_USE" />
13-->src\main\AndroidManifest.xml:7:5-89
13-->src\main\AndroidManifest.xml:7:22-86
14    <uses-permission android:name="moe.shizuku.manager.permission.API_V23" />
14-->src\main\AndroidManifest.xml:8:5-78
14-->src\main\AndroidManifest.xml:8:22-75
15    <uses-permission android:name="android.permission.PACKAGE_USAGE_STATS" />
15-->src\main\AndroidManifest.xml:9:5-11:47
15-->src\main\AndroidManifest.xml:10:9-62
16
17    <queries>
17-->src\main\AndroidManifest.xml:13:5-16:15
18        <package android:name="moe.shizuku.privileged.api" />
18-->src\main\AndroidManifest.xml:14:9-62
18-->src\main\AndroidManifest.xml:14:18-59
19        <package android:name="moe.shizuku.manager" />
19-->src\main\AndroidManifest.xml:15:9-55
19-->src\main\AndroidManifest.xml:15:18-52
20    </queries>
21
22    <permission
22-->[androidx.core:core:1.13.1] AndroidManifest.xml:22:5-24:47
23        android:name="com.onebattery.app.DYNAMIC_RECEIVER_NOT_EXPORTED_PERMISSION"
23-->[androidx.core:core:1.13.1] AndroidManifest.xml:23:9-81
24        android:protectionLevel="signature" />
24-->[androidx.core:core:1.13.1] AndroidManifest.xml:24:9-44
25
26    <uses-permission android:name="com.onebattery.app.DYNAMIC_RECEIVER_NOT_EXPORTED_PERMISSION" />
26-->[androidx.core:core:1.13.1] AndroidManifest.xml:26:5-97
26-->[androidx.core:core:1.13.1] AndroidManifest.xml:26:22-94
27
28    <application
28-->src\main\AndroidManifest.xml:18:5-76:19
29        android:name="com.onebattery.app.OneBatteryApp"
29-->src\main\AndroidManifest.xml:19:9-38
30        android:allowBackup="false"
30-->src\main\AndroidManifest.xml:20:9-36
31        android:appComponentFactory="androidx.core.app.CoreComponentFactory"
31-->[androidx.core:core:1.13.1] AndroidManifest.xml:28:18-86
32        android:debuggable="true"
33        android:extractNativeLibs="false"
34        android:icon="@android:drawable/ic_lock_idle_charging"
34-->src\main\AndroidManifest.xml:21:9-63
35        android:label="@string/app_name"
35-->src\main\AndroidManifest.xml:22:9-41
36        android:supportsRtl="true"
36-->src\main\AndroidManifest.xml:23:9-35
37        android:theme="@style/Theme.OneBattery" >
37-->src\main\AndroidManifest.xml:24:9-48
38        <provider
39            android:name="rikka.shizuku.ShizukuProvider"
39-->src\main\AndroidManifest.xml:27:13-57
40            android:authorities="com.onebattery.app.shizuku"
40-->src\main\AndroidManifest.xml:28:13-59
41            android:exported="true"
41-->src\main\AndroidManifest.xml:29:13-36
42            android:multiprocess="false"
42-->src\main\AndroidManifest.xml:30:13-41
43            android:permission="android.permission.INTERACT_ACROSS_USERS_FULL" />
43-->src\main\AndroidManifest.xml:31:13-79
44
45        <activity
45-->src\main\AndroidManifest.xml:34:9-43:20
46            android:name="com.onebattery.app.MainActivity"
46-->src\main\AndroidManifest.xml:35:13-41
47            android:exported="true"
47-->src\main\AndroidManifest.xml:36:13-36
48            android:launchMode="singleTop"
48-->src\main\AndroidManifest.xml:37:13-43
49            android:windowSoftInputMode="adjustResize" >
49-->src\main\AndroidManifest.xml:38:13-55
50            <intent-filter>
50-->src\main\AndroidManifest.xml:39:13-42:29
51                <action android:name="android.intent.action.MAIN" />
51-->src\main\AndroidManifest.xml:40:17-69
51-->src\main\AndroidManifest.xml:40:25-66
52
53                <category android:name="android.intent.category.LAUNCHER" />
53-->src\main\AndroidManifest.xml:41:17-77
53-->src\main\AndroidManifest.xml:41:27-74
54            </intent-filter>
55        </activity>
56
57        <service
57-->src\main\AndroidManifest.xml:45:9-52:19
58            android:name="com.onebattery.app.battery.BatteryChargeService"
58-->src\main\AndroidManifest.xml:46:13-57
59            android:exported="false"
59-->src\main\AndroidManifest.xml:47:13-37
60            android:foregroundServiceType="specialUse" >
60-->src\main\AndroidManifest.xml:48:13-55
61            <property
61-->src\main\AndroidManifest.xml:49:13-51:67
62                android:name="android.app.PROPERTY_SPECIAL_USE_FGS_SUBTYPE"
62-->src\main\AndroidManifest.xml:50:17-76
63                android:value="battery_charge_session_tracking" />
63-->src\main\AndroidManifest.xml:51:17-64
64        </service>
65
66        <receiver
66-->src\main\AndroidManifest.xml:54:9-61:20
67            android:name="com.onebattery.app.battery.BatteryPowerReceiver"
67-->src\main\AndroidManifest.xml:55:13-57
68            android:exported="false" >
68-->src\main\AndroidManifest.xml:56:13-37
69            <intent-filter>
69-->src\main\AndroidManifest.xml:57:13-60:29
70                <action android:name="android.intent.action.ACTION_POWER_CONNECTED" />
70-->src\main\AndroidManifest.xml:58:17-87
70-->src\main\AndroidManifest.xml:58:25-84
71                <action android:name="android.intent.action.ACTION_POWER_DISCONNECTED" />
71-->src\main\AndroidManifest.xml:59:17-90
71-->src\main\AndroidManifest.xml:59:25-87
72            </intent-filter>
73        </receiver>
74        <receiver
74-->src\main\AndroidManifest.xml:63:9-75:20
75            android:name="com.onebattery.app.battery.BatteryWidgetProvider"
75-->src\main\AndroidManifest.xml:64:13-58
76            android:exported="true"
76-->src\main\AndroidManifest.xml:65:13-36
77            android:label="@string/battery_widget_label" >
77-->src\main\AndroidManifest.xml:66:13-57
78            <intent-filter>
78-->src\main\AndroidManifest.xml:67:13-71:29
79                <action android:name="android.appwidget.action.APPWIDGET_UPDATE" />
79-->src\main\AndroidManifest.xml:68:17-84
79-->src\main\AndroidManifest.xml:68:25-81
80                <action android:name="android.intent.action.ACTION_POWER_CONNECTED" />
80-->src\main\AndroidManifest.xml:58:17-87
80-->src\main\AndroidManifest.xml:58:25-84
81                <action android:name="android.intent.action.ACTION_POWER_DISCONNECTED" />
81-->src\main\AndroidManifest.xml:59:17-90
81-->src\main\AndroidManifest.xml:59:25-87
82            </intent-filter>
83
84            <meta-data
84-->src\main\AndroidManifest.xml:72:13-74:63
85                android:name="android.appwidget.provider"
85-->src\main\AndroidManifest.xml:73:17-58
86                android:resource="@xml/battery_widget_info" />
86-->src\main\AndroidManifest.xml:74:17-60
87        </receiver>
88
89        <activity
89-->[androidx.compose.ui:ui-tooling-android:1.7.3] AndroidManifest.xml:23:9-25:39
90            android:name="androidx.compose.ui.tooling.PreviewActivity"
90-->[androidx.compose.ui:ui-tooling-android:1.7.3] AndroidManifest.xml:24:13-71
91            android:exported="true" />
91-->[androidx.compose.ui:ui-tooling-android:1.7.3] AndroidManifest.xml:25:13-36
92
93        <provider
93-->[androidx.emoji2:emoji2:1.3.0] AndroidManifest.xml:24:9-32:20
94            android:name="androidx.startup.InitializationProvider"
94-->[androidx.emoji2:emoji2:1.3.0] AndroidManifest.xml:25:13-67
95            android:authorities="com.onebattery.app.androidx-startup"
95-->[androidx.emoji2:emoji2:1.3.0] AndroidManifest.xml:26:13-68
96            android:exported="false" >
96-->[androidx.emoji2:emoji2:1.3.0] AndroidManifest.xml:27:13-37
97            <meta-data
97-->[androidx.emoji2:emoji2:1.3.0] AndroidManifest.xml:29:13-31:52
98                android:name="androidx.emoji2.text.EmojiCompatInitializer"
98-->[androidx.emoji2:emoji2:1.3.0] AndroidManifest.xml:30:17-75
99                android:value="androidx.startup" />
99-->[androidx.emoji2:emoji2:1.3.0] AndroidManifest.xml:31:17-49
100            <meta-data
100-->[androidx.lifecycle:lifecycle-process:2.8.4] AndroidManifest.xml:29:13-31:52
101                android:name="androidx.lifecycle.ProcessLifecycleInitializer"
101-->[androidx.lifecycle:lifecycle-process:2.8.4] AndroidManifest.xml:30:17-78
102                android:value="androidx.startup" />
102-->[androidx.lifecycle:lifecycle-process:2.8.4] AndroidManifest.xml:31:17-49
103            <meta-data
103-->[androidx.profileinstaller:profileinstaller:1.3.1] AndroidManifest.xml:29:13-31:52
104                android:name="androidx.profileinstaller.ProfileInstallerInitializer"
104-->[androidx.profileinstaller:profileinstaller:1.3.1] AndroidManifest.xml:30:17-85
105                android:value="androidx.startup" />
105-->[androidx.profileinstaller:profileinstaller:1.3.1] AndroidManifest.xml:31:17-49
106        </provider>
107
108        <service
108-->[androidx.room:room-runtime:2.6.1] AndroidManifest.xml:24:9-28:63
109            android:name="androidx.room.MultiInstanceInvalidationService"
109-->[androidx.room:room-runtime:2.6.1] AndroidManifest.xml:25:13-74
110            android:directBootAware="true"
110-->[androidx.room:room-runtime:2.6.1] AndroidManifest.xml:26:13-43
111            android:exported="false" />
111-->[androidx.room:room-runtime:2.6.1] AndroidManifest.xml:27:13-37
112
113        <meta-data
113-->[dev.rikka.shizuku:provider:13.1.5] AndroidManifest.xml:11:9-13:36
114            android:name="moe.shizuku.client.V3_SUPPORT"
114-->[dev.rikka.shizuku:provider:13.1.5] AndroidManifest.xml:12:13-57
115            android:value="true" />
115-->[dev.rikka.shizuku:provider:13.1.5] AndroidManifest.xml:13:13-33
116
117        <receiver
117-->[androidx.profileinstaller:profileinstaller:1.3.1] AndroidManifest.xml:34:9-52:20
118            android:name="androidx.profileinstaller.ProfileInstallReceiver"
118-->[androidx.profileinstaller:profileinstaller:1.3.1] AndroidManifest.xml:35:13-76
119            android:directBootAware="false"
119-->[androidx.profileinstaller:profileinstaller:1.3.1] AndroidManifest.xml:36:13-44
120            android:enabled="true"
120-->[androidx.profileinstaller:profileinstaller:1.3.1] AndroidManifest.xml:37:13-35
121            android:exported="true"
121-->[androidx.profileinstaller:profileinstaller:1.3.1] AndroidManifest.xml:38:13-36
122            android:permission="android.permission.DUMP" >
122-->[androidx.profileinstaller:profileinstaller:1.3.1] AndroidManifest.xml:39:13-57
123            <intent-filter>
123-->[androidx.profileinstaller:profileinstaller:1.3.1] AndroidManifest.xml:40:13-42:29
124                <action android:name="androidx.profileinstaller.action.INSTALL_PROFILE" />
124-->[androidx.profileinstaller:profileinstaller:1.3.1] AndroidManifest.xml:41:17-91
124-->[androidx.profileinstaller:profileinstaller:1.3.1] AndroidManifest.xml:41:25-88
125            </intent-filter>
126            <intent-filter>
126-->[androidx.profileinstaller:profileinstaller:1.3.1] AndroidManifest.xml:43:13-45:29
127                <action android:name="androidx.profileinstaller.action.SKIP_FILE" />
127-->[androidx.profileinstaller:profileinstaller:1.3.1] AndroidManifest.xml:44:17-85
127-->[androidx.profileinstaller:profileinstaller:1.3.1] AndroidManifest.xml:44:25-82
128            </intent-filter>
129            <intent-filter>
129-->[androidx.profileinstaller:profileinstaller:1.3.1] AndroidManifest.xml:46:13-48:29
130                <action android:name="androidx.profileinstaller.action.SAVE_PROFILE" />
130-->[androidx.profileinstaller:profileinstaller:1.3.1] AndroidManifest.xml:47:17-88
130-->[androidx.profileinstaller:profileinstaller:1.3.1] AndroidManifest.xml:47:25-85
131            </intent-filter>
132            <intent-filter>
132-->[androidx.profileinstaller:profileinstaller:1.3.1] AndroidManifest.xml:49:13-51:29
133                <action android:name="androidx.profileinstaller.action.BENCHMARK_OPERATION" />
133-->[androidx.profileinstaller:profileinstaller:1.3.1] AndroidManifest.xml:50:17-95
133-->[androidx.profileinstaller:profileinstaller:1.3.1] AndroidManifest.xml:50:25-92
134            </intent-filter>
135        </receiver>
136    </application>
137
138</manifest>